 ################################################################### 
 # WARNING: this module is deprecated.                             # 
 # Please use CondCore.CondDB.CondDB_cfi.py                        # 
 ################################################################### 
# Conditions read from  CMS_CONDITIONS  via FrontierProd 
DEBUG 2020-03-18 14:23:16.148 UTC: 	 Running on: Linux cmslpc27.fnal.gov 2.6.32-754.25.1.el6.x86_64 #1 SMP Tue Dec 17 13:08:11 CST 2019 x86_64 x86_64 x86_64 GNU/Linux - Scientific Linux Fermi release 6.10 (Ramsey)
DEBUG 2020-03-18 14:23:16.165 UTC: 	 OpenSSl version: OpenSSL 1.0.1e-fips 11 Feb 2013
DEBUG 2020-03-18 14:23:16.165 UTC: 	 Executing command: 'submit'
DEBUG 2020-03-18 14:23:16.166 UTC: 	 Found CRAB cache file /uscms/home/sclark/.crab3
DEBUG 2020-03-18 14:23:16.175 UTC: 	 Checking credentials
DEBUG 2020-03-18 14:23:16.175 UTC: 	 Found proxy file /uscms/home/sclark/x509up_u54993
DEBUG 2020-03-18 14:23:16.176 UTC: 	 Getting proxy life time left
DEBUG 2020-03-18 14:23:16.279 UTC: 	 Executing : 
 command : voms-proxy-info -file /uscms/home/sclark/x509up_u54993 -timeleft
 output : 687301

 error: 
 retcode : 0
DEBUG 2020-03-18 14:23:16.383 UTC: 	 Executing : 
 command : voms-proxy-info -file /uscms/home/sclark/x509up_u54993 -actimeleft
 output : 687301

 error: 
 retcode : 0
DEBUG 2020-03-18 14:23:16.383 UTC: 	 Proxy valid for 190:55:01 hours
INFO 2020-03-18 14:23:16.383 UTC: 	 Will use CRAB configuration file CrabConfigs/crab3_aGun_a0_5_step0.py
DEBUG 2020-03-18 14:23:16.383 UTC: 	 Loading CRAB configuration file.
DEBUG 2020-03-18 14:23:16.391 UTC: 	 Will use CRAB PrivateMC plugin (i.e. will run a MC generation job type).
DEBUG 2020-03-18 14:23:16.509 UTC: 	 Executing : 
 command : openssl x509 -in ~/.globus/usercert.pem -subject -noout
 output : subject= /DC=ch/DC=cern/OU=Organic Units/OU=Users/CN=stclark/CN=834957/CN=Steven Clark

 error: 
 retcode : 0
DEBUG 2020-03-18 14:23:16.509 UTC: 	 Checking credentials
DEBUG 2020-03-18 14:23:16.509 UTC: 	 Found proxy file /uscms/home/sclark/x509up_u54993
DEBUG 2020-03-18 14:23:16.509 UTC: 	 Getting proxy life time left
DEBUG 2020-03-18 14:23:16.613 UTC: 	 Executing : 
 command : voms-proxy-info -file /uscms/home/sclark/x509up_u54993 -timeleft
 output : 687301

 error: 
 retcode : 0
DEBUG 2020-03-18 14:23:16.717 UTC: 	 Executing : 
 command : voms-proxy-info -file /uscms/home/sclark/x509up_u54993 -actimeleft
 output : 687301

 error: 
 retcode : 0
DEBUG 2020-03-18 14:23:16.717 UTC: 	 Proxy valid for 190:55:01 hours
DEBUG 2020-03-18 14:23:16.821 UTC: 	 Executing : 
 command : env X509_USER_PROXY=/uscms/home/sclark/x509up_u54993 voms-proxy-info -fqan
 output : /cms/Role=NULL/Capability=NULL

 error: 
 retcode : 0
DEBUG 2020-03-18 14:23:17.522 UTC: 	 Registering user credentials for server /DC=ch/DC=cern/OU=computers/CN=vocms0105.cern.ch|/DC=ch/DC=cern/OU=computers/CN=crab-(preprod|prod|dev)-tw(02|01).cern.ch|/DC=ch/DC=cern/OU=computers/CN=(ddi|ddidk|mytw).cern.ch
DEBUG 2020-03-18 14:23:17.631 UTC: 	 Executing : 
 command : openssl x509 -in ~/.globus/usercert.pem -subject -noout
 output : subject= /DC=ch/DC=cern/OU=Organic Units/OU=Users/CN=stclark/CN=834957/CN=Steven Clark

 error: 
 retcode : 0
DEBUG 2020-03-18 14:23:17.632 UTC: 	 Getting myproxy life time left for myproxy.cern.ch
DEBUG 2020-03-18 14:23:17.632 UTC: 	 Calculating hash of /DC=ch/DC=cern/OU=Organic Units/OU=Users/CN=stclark/CN=834957/CN=Steven Clark_cmsweb.cern.ch for credential name
DEBUG 2020-03-18 14:23:18.637 UTC: 	 Executing : 
 command : myproxy-info -l 9bd21431da0c05acf451e64292f98736967d674a -s myproxy.cern.ch
 output : username: 9bd21431da0c05acf451e64292f98736967d674a
owner: /DC=ch/DC=cern/OU=Organic Units/OU=Users/CN=stclark/CN=834957/CN=Steven Clark
  renewal policy: /DC=ch/DC=cern/OU=computers/CN=vocms0105.cern.ch|/DC=ch/DC=cern/OU=computers/CN=crab-(preprod|prod|dev)-tw(02|01).cern.ch|/DC=ch/DC=cern/OU=computers/CN=(ddi|ddidk|mytw).cern.ch
  trusted retrieval policy: /DC=ch/DC=cern/OU=computers/CN=vocms0105.cern.ch|/DC=ch/DC=cern/OU=computers/CN=crab-(preprod|prod|dev)-tw(02|01).cern.ch|/DC=ch/DC=cern/OU=computers/CN=(ddi|ddidk|mytw).cern.ch
  timeleft: 696:58:37  (29.0 days)

 error: 
 retcode : 0
DEBUG 2020-03-18 14:23:18.639 UTC: 	 Myproxy is valid: 2509117
DEBUG 2020-03-18 14:23:18.639 UTC: 	 Command use: submit
DEBUG 2020-03-18 14:23:18.639 UTC: 	 Options use: ['CrabConfigs/crab3_aGun_a0_5_step0.py']
DEBUG 2020-03-18 14:23:19.430 UTC: 	 CRABClient version: 3.3.2001
DEBUG 2020-03-18 14:23:19.431 UTC: 	 Instance is prod
DEBUG 2020-03-18 14:23:19.431 UTC: 	 Server base url is cmsweb.cern.ch
DEBUG 2020-03-18 14:23:19.431 UTC: 	 Command url /crabserver/prod/workflow
DEBUG 2020-03-18 14:23:19.431 UTC: 	 Started submission
DEBUG 2020-03-18 14:23:19.431 UTC: 	 Working on /uscms_data/d3/sclark/pGun_genTest/ParticleGunGeneration/CMSSW_8_0_25/src/aGun_Generation/crab_projects/crab_aGun_a0_5
DEBUG 2020-03-18 14:23:20.320 UTC: 	 Loading required information from the environment
DEBUG 2020-03-18 14:23:20.321 UTC: 	 Found CMSSW_8_0_25 for slc6_amd64_gcc530 with base /uscms_data/d3/sclark/ParticleGun_Generation/fun/CMSSW_8_0_25
DEBUG 2020-03-18 14:23:20.336 UTC: 	 UNIQUE NAME: tarUUID fe22ea69-d73d-4611-b2e4-65d9289d0272 
DEBUG 2020-03-18 14:23:20.337 UTC: 	 self.config: from WMCore.Configuration import Configuration
config = Configuration()
config.section_('General')
config.General.workArea = '/uscms_data/d3/sclark/pGun_genTest/ParticleGunGeneration/CMSSW_8_0_25/src/aGun_Generation/crab_projects'
config.General.requestName = 'aGun_a0_5'
config.section_('JobType')
config.JobType.psetName = '/uscms_data/d3/sclark/pGun_genTest/ParticleGunGeneration/CMSSW_8_0_25/src/aGun_Generation/GunSafe/aGun_a0_5.py'
config.JobType.pluginName = 'PrivateMC'
config.section_('Data')
config.Data.outputDatasetTag = 'GENSIM'
config.Data.totalUnits = 200
config.Data.unitsPerJob = 100
config.Data.splitting = 'EventBased'
config.Data.outLFNDirBase = '/store/local/aGun_Generation/a0_5'
config.Data.outputPrimaryDataset = 'aGun_Generation'
config.Data.publication = True
config.section_('Site')
config.Site.storageSite = 'T3_US_FNALLPC'
config.section_('User')
config.section_('Debug')

DEBUG 2020-03-18 14:23:20.337 UTC: 	 self.config.JobType.psetName: /uscms_data/d3/sclark/pGun_genTest/ParticleGunGeneration/CMSSW_8_0_25/src/aGun_Generation/GunSafe/aGun_a0_5.py
INFO 2020-03-18 14:23:20.338 UTC: 	 Importing CMSSW configuration /uscms_data/d3/sclark/pGun_genTest/ParticleGunGeneration/CMSSW_8_0_25/src/aGun_Generation/GunSafe/aGun_a0_5.py
INFO 2020-03-18 14:23:22.923 UTC: 	 Finished importing CMSSW configuration /uscms_data/d3/sclark/pGun_genTest/ParticleGunGeneration/CMSSW_8_0_25/src/aGun_Generation/GunSafe/aGun_a0_5.py
DEBUG 2020-03-18 14:23:22.923 UTC: 	 Writing CMSSW configuration to /uscms_data/d3/sclark/pGun_genTest/ParticleGunGeneration/CMSSW_8_0_25/src/aGun_Generation/crab_projects/crab_aGun_a0_5/inputs/PSet.py
DEBUG 2020-03-18 14:23:23.765 UTC: 	 The following EDM output files will be collected: ['aGun_a0_5_E5_0to50_0.root']
DEBUG 2020-03-18 14:23:23.765 UTC: 	 The following TFile output files will be collected: []
DEBUG 2020-03-18 14:23:23.765 UTC: 	 The following user output files (not listed as PoolOuputModule or TFileService in the CMSSW PSet) will be collected: 
DEBUG 2020-03-18 14:23:23.765 UTC: 	 Loading required information from the environment
DEBUG 2020-03-18 14:23:23.765 UTC: 	 Found CMSSW_8_0_25 for slc6_amd64_gcc530 with base /uscms_data/d3/sclark/ParticleGun_Generation/fun/CMSSW_8_0_25
DEBUG 2020-03-18 14:23:23.765 UTC: 	 Making tarball in /uscms_data/d3/sclark/pGun_genTest/ParticleGunGeneration/CMSSW_8_0_25/src/aGun_Generation/crab_projects/crab_aGun_a0_5/inputs/fe22ea69-d73d-4611-b2e4-65d9289d0272default.tgz
DEBUG 2020-03-18 14:23:23.789 UTC: 	 Checking directory /uscms_data/d3/sclark/ParticleGun_Generation/fun/CMSSW_8_0_25/lib
DEBUG 2020-03-18 14:23:23.789 UTC: 	 Checking directory /uscms_data/d3/sclark/ParticleGun_Generation/fun/CMSSW_8_0_25/biglib
DEBUG 2020-03-18 14:23:23.789 UTC: 	 Checking directory /uscms_data/d3/sclark/ParticleGun_Generation/fun/CMSSW_8_0_25/module
DEBUG 2020-03-18 14:23:24.076 UTC: 	 Uploading archive /uscms_data/d3/sclark/pGun_genTest/ParticleGunGeneration/CMSSW_8_0_25/src/aGun_Generation/crab_projects/crab_aGun_a0_5/inputs/fe22ea69-d73d-4611-b2e4-65d9289d0272default.tgz (140 KB) to the CRAB cache. Using URI https://cmsweb.cern.ch/crabcache
DEBUG 2020-03-18 14:23:25.742 UTC: 	 Loading required information from the environment
DEBUG 2020-03-18 14:23:25.742 UTC: 	 Found CMSSW_8_0_25 for slc6_amd64_gcc530 with base /uscms_data/d3/sclark/ParticleGun_Generation/fun/CMSSW_8_0_25
DEBUG 2020-03-18 14:23:25.742 UTC: 	 Making tarball in /uscms_data/d3/sclark/pGun_genTest/ParticleGunGeneration/CMSSW_8_0_25/src/aGun_Generation/crab_projects/crab_aGun_a0_5/inputs/debugFiles.tgz
DEBUG 2020-03-18 14:23:25.750 UTC: 	 Uploading archive /uscms_data/d3/sclark/pGun_genTest/ParticleGunGeneration/CMSSW_8_0_25/src/aGun_Generation/crab_projects/crab_aGun_a0_5/inputs/debugFiles.tgz (2 KB) to the CRAB cache. Using URI https://cmsweb.cern.ch/crabcache
DEBUG 2020-03-18 14:23:26.684 UTC: 	 Result uploading input files: 105973e59f2411fd3cdf83886a30dd7a4a482737492ab9305d81da36f8f17bab.tar.gz 
INFO 2020-03-18 14:23:26.684 UTC: 	 Sending the request to the server at cmsweb.cern.ch
DEBUG 2020-03-18 14:23:26.684 UTC: 	 Submitting {'maxjobruntime': 1250, 'extrajdl': [], 'ignorelocality': 0, 'savelogsflag': 0, 'useparent': 0, 'asyncdest': 'T3_US_FNALLPC', 'algoargs': 100, 'cachefilename': '105973e59f2411fd3cdf83886a30dd7a4a482737492ab9305d81da36f8f17bab.tar.gz', 'numcores': 1, 'addoutputfiles': [], 'generator': 'pythia', 'maxmemory': 2000, 'publishdbsurl': 'https://cmsweb.cern.ch/dbs/prod/phys03/DBSWriter', 'priority': 10, 'jobsw': 'CMSSW_8_0_25', 'edmoutfiles': ['aGun_a0_5_E5_0to50_0.root'], 'userfiles': [], 'primarydataset': 'aGun_Generation', 'inputdata': '', 'lfn': '/store/local/aGun_Generation/a0_5', 'dryrun': 0, 'workflow': 'crab_aGun_a0_5', 'cacheurl': u'https://cmsweb.cern.ch/crabcache', 'nonprodsw': 0, 'tfileoutfiles': [], 'oneEventMode': 0, 'debugfilename': 'eec5097030154e4ead059fde3abb2c505c432abbc2e9a1b2b9d9696a2b29e774.tar.gz', 'saveoutput': 1, 'publication': 1, 'jobarch': 'slc6_amd64_gcc530', 'totalunits': 200, 'splitalgo': 'EventBased', 'ignoreglobalblacklist': 0, 'nonvaliddata': 0, 'dbsurl': 'https://cmsweb.cern.ch/dbs/prod/global/DBSReader', 'publishgroupname': 0, 'jobtype': 'PrivateMC', 'publishname2': 'GENSIM'} 
DEBUG 2020-03-18 14:23:26.685 UTC: 	 Encoded submit request: maxjobruntime=1250&ignorelocality=0&savelogsflag=0&useparent=0&asyncdest=T3_US_FNALLPC&algoargs=100&cachefilename=105973e59f2411fd3cdf83886a30dd7a4a482737492ab9305d81da36f8f17bab.tar.gz&numcores=1&generator=pythia&maxmemory=2000&publishdbsurl=https%3A%2F%2Fcmsweb.cern.ch%2Fdbs%2Fprod%2Fphys03%2FDBSWriter&priority=10&jobsw=CMSSW_8_0_25&primarydataset=aGun_Generation&inputdata=&lfn=%2Fstore%2Flocal%2FaGun_Generation%2Fa0_5&dryrun=0&workflow=crab_aGun_a0_5&cacheurl=https%3A%2F%2Fcmsweb.cern.ch%2Fcrabcache&nonprodsw=0&oneEventMode=0&debugfilename=eec5097030154e4ead059fde3abb2c505c432abbc2e9a1b2b9d9696a2b29e774.tar.gz&saveoutput=1&publication=1&jobarch=slc6_amd64_gcc530&totalunits=200&splitalgo=EventBased&ignoreglobalblacklist=0&nonvaliddata=0&dbsurl=https%3A%2F%2Fcmsweb.cern.ch%2Fdbs%2Fprod%2Fglobal%2FDBSReader&publishgroupname=0&jobtype=PrivateMC&publishname2=GENSIM&edmoutfiles=aGun_a0_5_E5_0to50_0.root
DEBUG 2020-03-18 14:23:27.473 UTC: 	 Result: {u'result': [{u'RequestName': u'200318_142327:stclark_crab_aGun_a0_5'}]}
INFO 2020-03-18 14:23:27.477 UTC: 	 Success: Your task has been delivered to the prod CRAB3 server.
INFO 2020-03-18 14:23:27.477 UTC: 	 Task name: 200318_142327:stclark_crab_aGun_a0_5
INFO 2020-03-18 14:23:27.477 UTC: 	 Project dir: /uscms_data/d3/sclark/pGun_genTest/ParticleGunGeneration/CMSSW_8_0_25/src/aGun_Generation/crab_projects/crab_aGun_a0_5
INFO 2020-03-18 14:23:27.478 UTC: 	 Please use 'crab status -d /uscms_data/d3/sclark/pGun_genTest/ParticleGunGeneration/CMSSW_8_0_25/src/aGun_Generation/crab_projects/crab_aGun_a0_5' to check how the submission process proceeds.
DEBUG 2020-03-18 14:23:27.478 UTC: 	 About to return
INFO 2020-03-18 14:23:27.483 UTC: 	 Log file is /uscms_data/d3/sclark/pGun_genTest/ParticleGunGeneration/CMSSW_8_0_25/src/aGun_Generation/crab_projects/crab_aGun_a0_5/crab.log
